<?xml version="1.0" encoding="UTF-8" ?>
<testsuite failures="0" time="0" errors="0" skipped="0" tests="9" name="SecondTest">
  <properties>
[...]
</properties>
  <testcase time="0" classname="Given Input the first num is 20   " name="Given Input the first num is 20   "/>
  <testcase time="0" classname="And Input the second num is 40    " name="And Input the second num is 40    "/>
  <testcase time="0" classname="When Two numbers add     " name="When Two numbers add     "/>
  <testcase time="0" classname="Then The result should be 60      " name="Then The result should be 60      "/>
  <testcase time="0" classname="Scenario: Two numbers add  " name="Scenario: Two numbers add  "/>
  <testcase time="0" classname="Given 输入基数1         " name="Given 输入基数1         "/>
  <testcase time="0" classname="When 进行循环相加          " name="When 进行循环相加          "/>
  <testcase time="0" classname="Then 得出结果是10           " name="Then 得出结果是10           "/>
  <testcase time="0" classname="Scenario: 循环相加        " name="Scenario: 循环相加        "/>
</testsuite>